2023-03-15 21:07:25.811 [main] INFO  org.example.Main - [POWER OPERATION] [SUCCESS] 0.0
2023-03-15 21:07:25.812 [main] INFO  org.example.Main - [RESULT: POWER] 0.0
2023-03-15 21:07:25.812 [main] INFO  org.example.Main - [POWER OPERATION] [SUCCESS] 1.0
2023-03-15 21:07:25.812 [main] INFO  org.example.Main - [RESULT: POWER] 1.0
2023-03-15 21:07:25.812 [main] INFO  org.example.Main - [POWER OPERATION] [SUCCESS] 2.0
2023-03-15 21:07:25.812 [main] INFO  org.example.Main - [RESULT: POWER] 1024.0
2023-03-15 21:07:25.812 [main] INFO  org.example.Main - [POWER OPERATION] [SUCCESS] 1.3
2023-03-15 21:07:25.813 [main] INFO  org.example.Main - [RESULT: POWER] 1.6900000000000002
2023-03-15 21:16:42.178 [main] INFO  org.example.Main - [SQUARE ROOT OPERATION] [FAILED] -1
2023-03-15 21:16:42.180 [main] INFO  org.example.Main - [RESULT: SQUARE ROOT] [INVALID INPUT] -1
2023-03-15 21:16:59.457 [main] INFO  org.example.Main - [SQUARE ROOT OPERATION] [SUCCESS] 2
2023-03-15 21:16:59.459 [main] INFO  org.example.Main - [RESULT: SQUARE ROOT] 1.414213562373095
2023-03-15 21:18:57.407 [main] INFO  org.example.Main - [SQUARE ROOT OPERATION] [SUCCESS] 2
2023-03-15 21:18:57.411 [main] INFO  org.example.Main - [RESULT: SQUARE ROOT] 1.414213562373095
2023-03-15 21:19:11.216 [main] INFO  org.example.Main - [FACTORIAL OPERATION] [SUCCESS] 3
2023-03-15 21:19:11.217 [main] INFO  org.example.Main - [RESULT: FACTORIAL] 6.0
2023-03-15 21:19:25.754 [main] INFO  org.example.Main - [LOGARITHM OPERATION] [SUCCESS] 2.0
2023-03-15 21:19:25.755 [main] INFO  org.example.Main - [RESULT: LOGARITHM] 0.6931471805599451
2023-03-15 21:19:34.948 [main] INFO  org.example.Main - [POWER OPERATION] [SUCCESS] 5.0
2023-03-15 21:19:34.948 [main] INFO  org.example.Main - [RESULT: POWER] 25.0
2023-03-15 21:19:46.092 [main] INFO  org.example.Main - [POWER OPERATION] [FAILED]
2023-03-15 21:19:46.092 [main] INFO  org.example.Main - [RESULT: POWER] [INVALID INPUT] NaN
